{
  "RSpec": {
    "coverage": {
      "C:/Users/banan/OneDrive/Documents/GitHub/New folder/1d-final-project-summer-2024-sds-2024-team-10/app/helpers/application_helper.rb": {
        "lines": [
          1,
          null
        ]
      },
      "C:/Users/banan/OneDrive/Documents/GitHub/New folder/1d-final-project-summer-2024-sds-2024-team-10/app/helpers/checklist_helper.rb": {
        "lines": [
          1,
          null
        ]
      },
      "C:/Users/banan/OneDrive/Documents/GitHub/New folder/1d-final-project-summer-2024-sds-2024-team-10/app/helpers/customer_info_helper.rb": {
        "lines": [
          1,
          null
        ]
      },
      "C:/Users/banan/OneDrive/Documents/GitHub/New folder/1d-final-project-summer-2024-sds-2024-team-10/app/helpers/docs_upload_helper.rb": {
        "lines": [
          1,
          null
        ]
      },
      "C:/Users/banan/OneDrive/Documents/GitHub/New folder/1d-final-project-summer-2024-sds-2024-team-10/app/helpers/existing_customer_helper.rb": {
        "lines": [
          1,
          null
        ]
      },
      "C:/Users/banan/OneDrive/Documents/GitHub/New folder/1d-final-project-summer-2024-sds-2024-team-10/app/helpers/language_helper.rb": {
        "lines": [
          1,
          null
        ]
      },
      "C:/Users/banan/OneDrive/Documents/GitHub/New folder/1d-final-project-summer-2024-sds-2024-team-10/app/helpers/login_helper.rb": {
        "lines": [
          1,
          null
        ]
      },
      "C:/Users/banan/OneDrive/Documents/GitHub/New folder/1d-final-project-summer-2024-sds-2024-team-10/app/helpers/ocr_helper.rb": {
        "lines": [
          1,
          null
        ]
      },
      "C:/Users/banan/OneDrive/Documents/GitHub/New folder/1d-final-project-summer-2024-sds-2024-team-10/app/helpers/otp_helper.rb": {
        "lines": [
          1,
          null
        ]
      },
      "C:/Users/banan/OneDrive/Documents/GitHub/New folder/1d-final-project-summer-2024-sds-2024-team-10/app/helpers/singpass_helper.rb": {
        "lines": [
          1,
          null
        ]
      },
      "C:/Users/banan/OneDrive/Documents/GitHub/New folder/1d-final-project-summer-2024-sds-2024-team-10/app/helpers/summary_page_helper.rb": {
        "lines": [
          1,
          null
        ]
      },
      "C:/Users/banan/OneDrive/Documents/GitHub/New folder/1d-final-project-summer-2024-sds-2024-team-10/app/helpers/users_helper.rb": {
        "lines": [
          1,
          null
        ]
      },
      "C:/Users/banan/OneDrive/Documents/GitHub/New folder/1d-final-project-summer-2024-sds-2024-team-10/app/services/gemini_service.rb": {
        "lines": [
          1,
          1,
          1,
          1,
          1,
          1,
          0,
          0,
          null,
          null,
          0,
          null,
          null,
          0,
          null,
          null,
          null,
          null,
          null,
          null,
          null,
          null,
          null,
          null,
          null,
          null,
          null,
          null,
          0,
          0,
          0,
          null,
          null,
          null,
          null,
          null
        ]
      },
      "C:/Users/banan/OneDrive/Documents/GitHub/New folder/1d-final-project-summer-2024-sds-2024-team-10/app/controllers/camera_controller.rb": {
        "lines": [
          1,
          1,
          1,
          null,
          1,
          1,
          1,
          1,
          1,
          1,
          1,
          1,
          8,
          8,
          8,
          null,
          1,
          null,
          1,
          null,
          6,
          null,
          null,
          8,
          null,
          1,
          1,
          0,
          0,
          1,
          0,
          0,
          null,
          1,
          1,
          null,
          1,
          2,
          null,
          null,
          null,
          1,
          1,
          1,
          1,
          1,
          1,
          1,
          1,
          8,
          8,
          8,
          null,
          1,
          null,
          1,
          null,
          6,
          null,
          null,
          8,
          null,
          1,
          1,
          0,
          0,
          1,
          0,
          0,
          null,
          1,
          1,
          null,
          1,
          2,
          null,
          null,
          null,
          1,
          1,
          1,
          1,
          1,
          1,
          1,
          1,
          8,
          8,
          8,
          null,
          1,
          null,
          1,
          null,
          6,
          null,
          null,
          8,
          null,
          1,
          1,
          0,
          0,
          1,
          0,
          0,
          null,
          1,
          1,
          null,
          1,
          2,
          null,
          null,
          null,
          1,
          1,
          1,
          1,
          1,
          1,
          1,
          1,
          8,
          8,
          8,
          null,
          1,
          null,
          1,
          null,
          6,
          null,
          null,
          8,
          null,
          1,
          1,
          0,
          0,
          1,
          0,
          0,
          null,
          1,
          1,
          null,
          1,
          2,
          null,
          null,
          null,
          1,
          1,
          1,
          1,
          1,
          1,
          1,
          1,
          1,
          8,
          8,
          8,
          null,
          1,
          null,
          1,
          null,
          6,
          null,
          null,
          8,
          null,
          1,
          1,
          0,
          0,
          1,
          0,
          0,
          null,
          1,
          1,
          null,
          1,
          2,
          null,
          null,
          null
        ]
      },
      "C:/Users/banan/OneDrive/Documents/GitHub/New folder/1d-final-project-summer-2024-sds-2024-team-10/app/controllers/application_controller.rb": {
        "lines": [
          null,
          1,
          1,
          null,
          1,
          0,
          0,
          null,
          null,
          1,
          null,
          1,
          5,
          null,
          null,
          1,
          0,
          null,
          null
        ]
      },
      "C:/Users/banan/OneDrive/Documents/GitHub/New folder/1d-final-project-summer-2024-sds-2024-team-10/app/models/user.rb": {
        "lines": [
          1,
          1,
          null,
          1,
          0,
          0,
          0,
          0,
          null,
          0,
          null,
          null,
          null,
          null,
          1,
          0,
          0,
          0,
          null,
          0,
          0,
          null,
          null,
          null
        ]
      },
      "C:/Users/banan/OneDrive/Documents/GitHub/New folder/1d-final-project-summer-2024-sds-2024-team-10/app/models/application_record.rb": {
        "lines": [
          null,
          1,
          1,
          null
        ]
      },
      "C:/Users/banan/OneDrive/Documents/GitHub/New folder/1d-final-project-summer-2024-sds-2024-team-10/app/channels/application_cable/channel.rb": {
        "lines": [
          0,
          0,
          0,
          0
        ],
        "branches": {
        }
      },
      "C:/Users/banan/OneDrive/Documents/GitHub/New folder/1d-final-project-summer-2024-sds-2024-team-10/app/channels/application_cable/connection.rb": {
        "lines": [
          0,
          0,
          0,
          0
        ],
        "branches": {
        }
      },
      "C:/Users/banan/OneDrive/Documents/GitHub/New folder/1d-final-project-summer-2024-sds-2024-team-10/app/controllers/checklist_controller.rb": {
        "lines": [
          0,
          0,
          0,
          0,
          0,
          0,
          0,
          0,
          0,
          0,
          null,
          0,
          0,
          0,
          0
        ],
        "branches": {
        }
      },
      "C:/Users/banan/OneDrive/Documents/GitHub/New folder/1d-final-project-summer-2024-sds-2024-team-10/app/controllers/customer_info_controller.rb": {
        "lines": [
          0,
          0,
          null,
          0,
          null,
          0,
          null,
          0,
          null,
          0,
          null,
          0,
          0,
          0,
          null,
          null,
          0,
          null,
          0,
          0,
          0,
          0,
          0,
          null,
          0,
          0,
          0,
          0,
          0,
          0,
          0,
          0,
          null,
          0,
          null,
          0,
          0,
          null,
          0,
          0,
          0,
          0,
          0,
          null,
          0,
          0,
          0,
          0,
          0,
          0,
          null,
          0,
          0,
          0,
          0,
          0,
          0,
          0
        ],
        "branches": {
        }
      },
      "C:/Users/banan/OneDrive/Documents/GitHub/New folder/1d-final-project-summer-2024-sds-2024-team-10/app/controllers/docs_upload_controller.rb": {
        "lines": [
          0,
          0,
          0,
          null,
          0,
          0,
          null,
          0,
          0,
          null,
          0,
          0,
          null,
          0,
          0,
          null,
          0,
          0,
          null,
          0,
          0,
          null,
          0,
          0,
          null,
          0,
          0,
          null,
          0,
          0,
          null,
          0,
          0,
          0
        ],
        "branches": {
        }
      },
      "C:/Users/banan/OneDrive/Documents/GitHub/New folder/1d-final-project-summer-2024-sds-2024-team-10/app/controllers/existing_customer_controller.rb": {
        "lines": [
          0,
          0
        ],
        "branches": {
        }
      },
      "C:/Users/banan/OneDrive/Documents/GitHub/New folder/1d-final-project-summer-2024-sds-2024-team-10/app/controllers/login_controller.rb": {
        "lines": [
          0,
          0,
          0,
          null,
          0,
          0,
          0,
          null,
          0,
          0,
          0,
          0,
          0,
          0,
          0,
          0,
          0,
          0,
          0,
          0,
          0,
          0,
          0,
          0,
          null,
          0,
          0,
          0,
          0,
          null,
          0,
          null,
          0,
          0,
          0,
          0,
          null,
          0,
          0,
          0,
          0,
          0,
          0,
          0,
          0,
          0,
          0,
          0,
          0,
          0,
          0,
          0,
          null,
          0,
          0,
          0,
          null,
          0,
          null,
          0,
          0,
          0,
          0,
          0,
          0,
          0,
          0,
          0,
          0,
          0,
          0,
          null,
          0,
          0,
          0,
          0,
          0,
          0,
          0,
          0,
          0
        ],
        "branches": {
        }
      },
      "C:/Users/banan/OneDrive/Documents/GitHub/New folder/1d-final-project-summer-2024-sds-2024-team-10/app/controllers/otp_controller.rb": {
        "lines": [
          0,
          0,
          0,
          0,
          0,
          0,
          null,
          0,
          null,
          0,
          0,
          0,
          0,
          0,
          null,
          0,
          0,
          0,
          null,
          0,
          0,
          0,
          0,
          0,
          0,
          0,
          0
        ],
        "branches": {
        }
      },
      "C:/Users/banan/OneDrive/Documents/GitHub/New folder/1d-final-project-summer-2024-sds-2024-team-10/app/controllers/singpass_controller.rb": {
        "lines": [
          0,
          0
        ],
        "branches": {
        }
      },
      "C:/Users/banan/OneDrive/Documents/GitHub/New folder/1d-final-project-summer-2024-sds-2024-team-10/app/controllers/summary_page_controller.rb": {
        "lines": [
          0,
          0,
          null,
          0,
          null,
          0,
          null,
          0,
          0,
          null,
          0,
          null,
          0,
          0,
          0,
          0,
          0,
          0,
          0,
          0,
          0,
          null,
          0,
          null,
          0,
          0,
          0,
          null,
          0,
          0,
          0,
          0,
          0,
          null,
          0,
          0,
          0,
          0,
          0,
          0,
          null,
          0,
          0,
          0,
          0,
          0,
          0,
          0
        ],
        "branches": {
        }
      },
      "C:/Users/banan/OneDrive/Documents/GitHub/New folder/1d-final-project-summer-2024-sds-2024-team-10/app/controllers/users_controller.rb": {
        "lines": [
          0,
          0,
          null,
          0,
          0,
          0,
          null,
          0,
          0,
          null,
          0,
          0,
          0,
          null,
          0,
          0,
          null,
          0,
          0,
          0,
          0,
          0,
          0,
          0,
          0,
          null,
          0,
          0,
          0,
          0,
          0,
          0,
          0,
          0,
          null,
          0,
          0,
          0,
          0,
          0,
          0,
          0,
          0,
          null,
          0,
          0,
          0,
          0,
          null,
          0,
          null,
          0,
          0,
          0,
          null,
          0,
          0,
          0,
          0
        ],
        "branches": {
        }
      },
      "C:/Users/banan/OneDrive/Documents/GitHub/New folder/1d-final-project-summer-2024-sds-2024-team-10/app/jobs/application_job.rb": {
        "lines": [
          0,
          null,
          null,
          null,
          null,
          null,
          0
        ],
        "branches": {
        }
      },
      "C:/Users/banan/OneDrive/Documents/GitHub/New folder/1d-final-project-summer-2024-sds-2024-team-10/app/mailers/application_mailer.rb": {
        "lines": [
          0,
          0,
          0,
          0
        ],
        "branches": {
        }
      },
      "C:/Users/banan/OneDrive/Documents/GitHub/New folder/1d-final-project-summer-2024-sds-2024-team-10/app/services/otp_service.rb": {
        "lines": [
          0,
          null,
          0,
          0,
          0,
          null,
          null,
          null,
          null,
          null,
          null,
          0,
          null,
          0,
          0,
          0,
          0,
          null,
          0,
          0,
          null,
          0,
          0,
          0,
          0,
          0,
          null,
          0,
          0,
          null,
          0,
          0,
          0,
          0,
          0,
          null,
          0,
          0,
          0,
          0,
          0,
          null,
          0,
          0,
          null,
          0,
          null,
          0,
          null,
          0,
          0,
          0
        ],
        "branches": {
        }
      },
      "C:/Users/banan/OneDrive/Documents/GitHub/New folder/1d-final-project-summer-2024-sds-2024-team-10/app/services/user_updater_service.rb": {
        "lines": [
          0,
          0,
          0,
          0,
          0,
          0
        ],
        "branches": {
        }
      }
    },
    "timestamp": 1722975134
  }
}
