{
  "RSpec": {
    "coverage": {
      "C:/Users/banan/OneDrive/Documents/GitHub/New folder/1d-final-project-summer-2024-sds-2024-team-10/app/services/gemini_service.rb": {
        "lines": [
          1,
          1,
          1,
          1,
          null,
          1,
          0,
          0,
          null,
          null,
          0,
          null,
          null,
          0,
          null,
          null,
          null,
          null,
          null,
          null,
          null,
          null,
          null,
          null,
          null,
          null,
          null,
          null,
          0,
          0,
          0,
          null,
          null,
          null,
          null
        ]
      },
      "C:/Users/banan/OneDrive/Documents/GitHub/New folder/1d-final-project-summer-2024-sds-2024-team-10/config/environment.rb": {
        "lines": [
          null,
          1,
          null,
          null,
          1
        ]
      },
      "C:/Users/banan/OneDrive/Documents/GitHub/New folder/1d-final-project-summer-2024-sds-2024-team-10/config/application.rb": {
        "lines": [
          1,
          null,
          1,
          null,
          null,
          null,
          1,
          null,
          1,
          1,
          null,
          1,
          null,
          null,
          null,
          null,
          1,
          null,
          null,
          null,
          null,
          null,
          null,
          null,
          null,
          null,
          null
        ]
      },
      "C:/Users/banan/OneDrive/Documents/GitHub/New folder/1d-final-project-summer-2024-sds-2024-team-10/config/boot.rb": {
        "lines": [
          1,
          null,
          1,
          1
        ]
      },
      "C:/Users/banan/OneDrive/Documents/GitHub/New folder/1d-final-project-summer-2024-sds-2024-team-10/config/environments/test.rb": {
        "lines": [
          1,
          null,
          null,
          null,
          null,
          null,
          null,
          1,
          null,
          1,
          1,
          null,
          null,
          null,
          null,
          1,
          null,
          null,
          null,
          null,
          null,
          1,
          null,
          null,
          1,
          1,
          null,
          null,
          null,
          null,
          1,
          1,
          1,
          null,
          null,
          1,
          null,
          null,
          1,
          null,
          null,
          1,
          null,
          1,
          null,
          null,
          null,
          null,
          1,
          null,
          null,
          1,
          null,
          null,
          1,
          null,
          null,
          1,
          null,
          null,
          null,
          null,
          null,
          null,
          null,
          null,
          1,
          null
        ]
      },
      "C:/Users/banan/OneDrive/Documents/GitHub/New folder/1d-final-project-summer-2024-sds-2024-team-10/config/initializers/assets.rb": {
        "lines": [
          null,
          null,
          null,
          1,
          null,
          null,
          null,
          null,
          null,
          null,
          null,
          null
        ]
      },
      "C:/Users/banan/OneDrive/Documents/GitHub/New folder/1d-final-project-summer-2024-sds-2024-team-10/config/initializers/content_security_policy.rb": {
        "lines": [
          null,
          null,
          null,
          null,
          null,
          null,
          null,
          null,
          null,
          null,
          null,
          null,
          null,
          null,
          null,
          null,
          null,
          null,
          null,
          null,
          null,
          null,
          null,
          null,
          null
        ]
      },
      "C:/Users/banan/OneDrive/Documents/GitHub/New folder/1d-final-project-summer-2024-sds-2024-team-10/config/initializers/filter_parameter_logging.rb": {
        "lines": [
          null,
          null,
          null,
          null,
          null,
          1,
          null,
          null
        ]
      },
      "C:/Users/banan/OneDrive/Documents/GitHub/New folder/1d-final-project-summer-2024-sds-2024-team-10/config/initializers/inflections.rb": {
        "lines": [
          null,
          null,
          null,
          null,
          null,
          null,
          null,
          null,
          null,
          null,
          null,
          null,
          null,
          null,
          null,
          null
        ]
      },
      "C:/Users/banan/OneDrive/Documents/GitHub/New folder/1d-final-project-summer-2024-sds-2024-team-10/config/initializers/permissions_policy.rb": {
        "lines": [
          null,
          null,
          null,
          null,
          null,
          null,
          null,
          null,
          null,
          null,
          null,
          null,
          null
        ]
      },
      "C:/Users/banan/OneDrive/Documents/GitHub/New folder/1d-final-project-summer-2024-sds-2024-team-10/config/routes.rb": {
        "lines": [
          1,
          1,
          1,
          null,
          1,
          1,
          1,
          1,
          1,
          1,
          1,
          1,
          1,
          1,
          null,
          1,
          null,
          1,
          1,
          1,
          null,
          null,
          1,
          null,
          null,
          1,
          1,
          1,
          1,
          null,
          null,
          1,
          1,
          1,
          1,
          null,
          1,
          1,
          1,
          1,
          1,
          1,
          1,
          null,
          1,
          null,
          1,
          1,
          1,
          null,
          1,
          null,
          1,
          1,
          null,
          null,
          null,
          null,
          null,
          1,
          null,
          null,
          null
        ]
      },
      "C:/Users/banan/OneDrive/Documents/GitHub/New folder/1d-final-project-summer-2024-sds-2024-team-10/app/helpers/application_helper.rb": {
        "lines": [
          1,
          null
        ]
      },
      "C:/Users/banan/OneDrive/Documents/GitHub/New folder/1d-final-project-summer-2024-sds-2024-team-10/app/helpers/customer_records_helper.rb": {
        "lines": [
          1,
          null
        ]
      },
      "C:/Users/banan/OneDrive/Documents/GitHub/New folder/1d-final-project-summer-2024-sds-2024-team-10/app/helpers/feature1_helper.rb": {
        "lines": [
          1,
          null
        ]
      },
      "C:/Users/banan/OneDrive/Documents/GitHub/New folder/1d-final-project-summer-2024-sds-2024-team-10/app/helpers/home_helper.rb": {
        "lines": [
          1,
          null
        ]
      },
      "C:/Users/banan/OneDrive/Documents/GitHub/New folder/1d-final-project-summer-2024-sds-2024-team-10/app/helpers/otps_helper.rb": {
        "lines": [
          1,
          null
        ]
      },
      "C:/Users/banan/OneDrive/Documents/GitHub/New folder/1d-final-project-summer-2024-sds-2024-team-10/app/services/otp_service.rb": {
        "lines": [
          1,
          1,
          1,
          1,
          null,
          1,
          null,
          1,
          6,
          6,
          null,
          null,
          1,
          1,
          null,
          1,
          null,
          null,
          null,
          null,
          null,
          1,
          null,
          null,
          1,
          3,
          1,
          null,
          2,
          null,
          2,
          null,
          null,
          null,
          null,
          null,
          2,
          null,
          null,
          1,
          null,
          1,
          null,
          6,
          null,
          null
        ]
      }
    },
    "timestamp": 1721839916
  }
}
